<?xml version="1.0" encoding="UTF-8"?>
<testsuite xmlns:xsi="http://www.w3.org/2001/XMLSchema-instance" xsi:noNamespaceSchemaLocation="https://maven.apache.org/surefire/maven-surefire-plugin/xsd/surefire-test-report.xsd" name="TestSuite" time="76.202" tests="3" errors="0" skipped="2" failures="0">
  <properties>
    <property name="gopherProxySet" value="false"/>
    <property name="awt.toolkit" value="sun.lwawt.macosx.LWCToolkit"/>
    <property name="surefire.suiteXmlFiles" value="src/test/resources/testng.xml"/>
    <property name="file.encoding.pkg" value="sun.io"/>
    <property name="java.specification.version" value="1.8"/>
    <property name="sun.cpu.isalist" value=""/>
    <property name="sun.jnu.encoding" value="UTF-8"/>
    <property name="java.class.path" value="/Users/loi.tran/IdeaProjects/java-selenium/target/test-classes:/Users/loi.tran/IdeaProjects/java-selenium/target/classes:/Users/loi.tran/.m2/repository/org/testng/testng/6.14.3/testng-6.14.3.jar:/Users/loi.tran/.m2/repository/com/beust/jcommander/1.72/jcommander-1.72.jar:/Users/loi.tran/.m2/repository/org/apache-extras/beanshell/bsh/2.0b6/bsh-2.0b6.jar:/Users/loi.tran/.m2/repository/io/github/bonigarcia/webdrivermanager/3.0.0/webdrivermanager-3.0.0.jar:/Users/loi.tran/.m2/repository/org/slf4j/slf4j-api/1.7.25/slf4j-api-1.7.25.jar:/Users/loi.tran/.m2/repository/commons-io/commons-io/2.6/commons-io-2.6.jar:/Users/loi.tran/.m2/repository/com/google/code/gson/gson/2.8.5/gson-2.8.5.jar:/Users/loi.tran/.m2/repository/org/apache/httpcomponents/httpclient/4.5.5/httpclient-4.5.5.jar:/Users/loi.tran/.m2/repository/org/rauschig/jarchivelib/0.8.0/jarchivelib-0.8.0.jar:/Users/loi.tran/.m2/repository/org/apache/commons/commons-compress/1.14/commons-compress-1.14.jar:/Users/loi.tran/.m2/repository/org/jsoup/jsoup/1.11.3/jsoup-1.11.3.jar:/Users/loi.tran/.m2/repository/org/seleniumhq/selenium/selenium-java/3.13.0/selenium-java-3.13.0.jar:/Users/loi.tran/.m2/repository/org/seleniumhq/selenium/selenium-api/3.13.0/selenium-api-3.13.0.jar:/Users/loi.tran/.m2/repository/org/seleniumhq/selenium/selenium-chrome-driver/3.13.0/selenium-chrome-driver-3.13.0.jar:/Users/loi.tran/.m2/repository/org/seleniumhq/selenium/selenium-edge-driver/3.13.0/selenium-edge-driver-3.13.0.jar:/Users/loi.tran/.m2/repository/org/seleniumhq/selenium/selenium-firefox-driver/3.13.0/selenium-firefox-driver-3.13.0.jar:/Users/loi.tran/.m2/repository/org/seleniumhq/selenium/selenium-ie-driver/3.13.0/selenium-ie-driver-3.13.0.jar:/Users/loi.tran/.m2/repository/org/seleniumhq/selenium/selenium-opera-driver/3.13.0/selenium-opera-driver-3.13.0.jar:/Users/loi.tran/.m2/repository/org/seleniumhq/selenium/selenium-remote-driver/3.13.0/selenium-remote-driver-3.13.0.jar:/Users/loi.tran/.m2/repository/org/seleniumhq/selenium/selenium-safari-driver/3.13.0/selenium-safari-driver-3.13.0.jar:/Users/loi.tran/.m2/repository/org/seleniumhq/selenium/selenium-support/3.13.0/selenium-support-3.13.0.jar:/Users/loi.tran/.m2/repository/net/bytebuddy/byte-buddy/1.8.3/byte-buddy-1.8.3.jar:/Users/loi.tran/.m2/repository/org/apache/commons/commons-exec/1.3/commons-exec-1.3.jar:/Users/loi.tran/.m2/repository/commons-codec/commons-codec/1.10/commons-codec-1.10.jar:/Users/loi.tran/.m2/repository/commons-logging/commons-logging/1.2/commons-logging-1.2.jar:/Users/loi.tran/.m2/repository/com/google/guava/guava/25.0-jre/guava-25.0-jre.jar:/Users/loi.tran/.m2/repository/com/google/code/findbugs/jsr305/1.3.9/jsr305-1.3.9.jar:/Users/loi.tran/.m2/repository/org/checkerframework/checker-compat-qual/2.0.0/checker-compat-qual-2.0.0.jar:/Users/loi.tran/.m2/repository/com/google/errorprone/error_prone_annotations/2.1.3/error_prone_annotations-2.1.3.jar:/Users/loi.tran/.m2/repository/com/google/j2objc/j2objc-annotations/1.1/j2objc-annotations-1.1.jar:/Users/loi.tran/.m2/repository/org/codehaus/mojo/animal-sniffer-annotations/1.14/animal-sniffer-annotations-1.14.jar:/Users/loi.tran/.m2/repository/org/apache/httpcomponents/httpcore/4.4.9/httpcore-4.4.9.jar:/Users/loi.tran/.m2/repository/com/squareup/okhttp3/okhttp/3.10.0/okhttp-3.10.0.jar:/Users/loi.tran/.m2/repository/com/squareup/okio/okio/1.14.1/okio-1.14.1.jar:/Users/loi.tran/.m2/repository/com/mashape/unirest/unirest-java/1.4.9/unirest-java-1.4.9.jar:/Users/loi.tran/.m2/repository/org/apache/httpcomponents/httpasyncclient/4.1.1/httpasyncclient-4.1.1.jar:/Users/loi.tran/.m2/repository/org/apache/httpcomponents/httpcore-nio/4.4.4/httpcore-nio-4.4.4.jar:/Users/loi.tran/.m2/repository/org/apache/httpcomponents/httpmime/4.5.2/httpmime-4.5.2.jar:/Users/loi.tran/.m2/repository/org/json/json/20160212/json-20160212.jar:/Users/loi.tran/.m2/repository/com/fasterxml/jackson/core/jackson-databind/2.9.4/jackson-databind-2.9.4.jar:/Users/loi.tran/.m2/repository/com/fasterxml/jackson/core/jackson-annotations/2.9.0/jackson-annotations-2.9.0.jar:/Users/loi.tran/.m2/repository/com/jayway/jsonpath/json-path/2.4.0/json-path-2.4.0.jar:/Users/loi.tran/.m2/repository/net/minidev/json-smart/2.3/json-smart-2.3.jar:/Users/loi.tran/.m2/repository/net/minidev/accessors-smart/1.2/accessors-smart-1.2.jar:/Users/loi.tran/.m2/repository/org/ow2/asm/asm/5.0.4/asm-5.0.4.jar:/Users/loi.tran/.m2/repository/joda-time/joda-time/2.10/joda-time-2.10.jar:/Users/loi.tran/.m2/repository/org/apache/commons/commons-lang3/3.8.1/commons-lang3-3.8.1.jar:/Users/loi.tran/.m2/repository/com/aventstack/extentreports/3.1.5/extentreports-3.1.5.jar:/Users/loi.tran/.m2/repository/org/freemarker/freemarker/2.3.23/freemarker-2.3.23.jar:/Users/loi.tran/.m2/repository/org/mongodb/mongodb-driver/3.3.0/mongodb-driver-3.3.0.jar:/Users/loi.tran/.m2/repository/org/mongodb/bson/3.3.0/bson-3.3.0.jar:/Users/loi.tran/.m2/repository/org/mongodb/mongodb-driver-core/3.3.0/mongodb-driver-core-3.3.0.jar:/Users/loi.tran/.m2/repository/org/apache/logging/log4j/log4j-core/2.11.1/log4j-core-2.11.1.jar:/Users/loi.tran/.m2/repository/org/apache/logging/log4j/log4j-api/2.11.1/log4j-api-2.11.1.jar:/Users/loi.tran/.m2/repository/org/slf4j/slf4j-log4j12/1.7.25/slf4j-log4j12-1.7.25.jar:/Users/loi.tran/.m2/repository/log4j/log4j/1.2.17/log4j-1.2.17.jar:/Users/loi.tran/.m2/repository/org/apache/maven/shared/maven-invoker/3.0.1/maven-invoker-3.0.1.jar:/Users/loi.tran/.m2/repository/org/apache/maven/shared/maven-shared-utils/3.2.1/maven-shared-utils-3.2.1.jar:/Users/loi.tran/.m2/repository/org/codehaus/plexus/plexus-component-annotations/1.7.1/plexus-component-annotations-1.7.1.jar:/Users/loi.tran/.m2/repository/commons-lang/commons-lang/2.6/commons-lang-2.6.jar:/Users/loi.tran/.m2/repository/com/jcraft/jsch/0.1.55/jsch-0.1.55.jar:/Users/loi.tran/.m2/repository/ch/ethz/ganymed/ganymed-ssh2/262/ganymed-ssh2-262.jar:/Users/loi.tran/.m2/repository/com/googlecode/json-simple/json-simple/1.1.1/json-simple-1.1.1.jar:/Users/loi.tran/.m2/repository/junit/junit/4.10/junit-4.10.jar:/Users/loi.tran/.m2/repository/org/hamcrest/hamcrest-core/1.1/hamcrest-core-1.1.jar:/Users/loi.tran/.m2/repository/commons-httpclient/commons-httpclient/3.1/commons-httpclient-3.1.jar:/Users/loi.tran/.m2/repository/org/apache/pdfbox/pdfbox/2.0.6/pdfbox-2.0.6.jar:/Users/loi.tran/.m2/repository/org/apache/pdfbox/fontbox/2.0.6/fontbox-2.0.6.jar:/Users/loi.tran/.m2/repository/com/testautomationguru/pdfutil/pdf-util/0.0.1/pdf-util-0.0.1.jar:/Users/loi.tran/.m2/repository/org/apache/pdfbox/pdfbox-tools/2.0.5/pdfbox-tools-2.0.5.jar:/Users/loi.tran/.m2/repository/org/apache/pdfbox/pdfbox-debugger/2.0.5/pdfbox-debugger-2.0.5.jar:/Users/loi.tran/.m2/repository/org/bouncycastle/bcprov-jdk16/1.46/bcprov-jdk16-1.46.jar:/Users/loi.tran/.m2/repository/commons-net/commons-net/3.6/commons-net-3.6.jar:/Users/loi.tran/.m2/repository/javax/mail/mail/1.5.0-b01/mail-1.5.0-b01.jar:/Users/loi.tran/.m2/repository/javax/activation/activation/1.1/activation-1.1.jar:/Users/loi.tran/.m2/repository/com/sun/xml/security/xml-security-impl/1.0/xml-security-impl-1.0.jar:/Users/loi.tran/.m2/repository/com/opencsv/opencsv/3.7/opencsv-3.7.jar:/Users/loi.tran/.m2/repository/org/codehaus/groovy/groovy/3.0.1/groovy-3.0.1.jar:/Users/loi.tran/.m2/repository/io/rest-assured/rest-assured/4.2.0/rest-assured-4.2.0.jar:/Users/loi.tran/.m2/repository/org/codehaus/groovy/groovy-xml/2.5.8/groovy-xml-2.5.8.jar:/Users/loi.tran/.m2/repository/org/hamcrest/hamcrest/2.1/hamcrest-2.1.jar:/Users/loi.tran/.m2/repository/org/ccil/cowan/tagsoup/tagsoup/1.2.1/tagsoup-1.2.1.jar:/Users/loi.tran/.m2/repository/io/rest-assured/xml-path/4.2.0/xml-path-4.2.0.jar:/Users/loi.tran/.m2/repository/jakarta/xml/bind/jakarta.xml.bind-api/2.3.2/jakarta.xml.bind-api-2.3.2.jar:/Users/loi.tran/.m2/repository/jakarta/activation/jakarta.activation-api/1.2.1/jakarta.activation-api-1.2.1.jar:/Users/loi.tran/.m2/repository/com/sun/xml/bind/jaxb-osgi/2.3.0.1/jaxb-osgi-2.3.0.1.jar:/Users/loi.tran/.m2/repository/org/apache/sling/org.apache.sling.javax.activation/0.1.0/org.apache.sling.javax.activation-0.1.0.jar:/Users/loi.tran/.m2/repository/io/rest-assured/json-path/4.2.0/json-path-4.2.0.jar:/Users/loi.tran/.m2/repository/org/codehaus/groovy/groovy-json/2.5.8/groovy-json-2.5.8.jar:/Users/loi.tran/.m2/repository/io/rest-assured/rest-assured-common/4.2.0/rest-assured-common-4.2.0.jar:/Users/loi.tran/.m2/repository/com/fasterxml/jackson/core/jackson-core/2.10.2/jackson-core-2.10.2.jar:/Users/loi.tran/.m2/repository/mysql/mysql-connector-java/8.0.18/mysql-connector-java-8.0.18.jar:/Users/loi.tran/.m2/repository/com/google/protobuf/protobuf-java/3.6.1/protobuf-java-3.6.1.jar:/Users/loi.tran/.m2/repository/javax/xml/soap/javax.xml.soap-api/1.4.0/javax.xml.soap-api-1.4.0.jar:/Users/loi.tran/.m2/repository/org/apache/maven/surefire/surefire-testng-utils/2.22.0/surefire-testng-utils-2.22.0.jar:/Users/loi.tran/.m2/repository/org/apache/maven/surefire/surefire-grouper/2.22.0/surefire-grouper-2.22.0.jar:"/>
    <property name="java.vm.vendor" value="Oracle Corporation"/>
    <property name="sun.arch.data.model" value="64"/>
    <property name="java.vendor.url" value="http://java.oracle.com/"/>
    <property name="user.timezone" value=""/>
    <property name="java.vm.specification.version" value="1.8"/>
    <property name="os.name" value="Mac OS X"/>
    <property name="user.country" value="VN"/>
    <property name="sun.java.launcher" value="SUN_STANDARD"/>
    <property name="sun.boot.library.path" value="/Library/Java/JavaVirtualMachines/jdk1.8.0_281.jdk/Contents/Home/jre/lib"/>
    <property name="sun.java.command" value="/Users/loi.tran/IdeaProjects/java-selenium/target/surefire/surefirebooter7251422569494135490.jar /Users/loi.tran/IdeaProjects/java-selenium/target/surefire 2021-02-02T20-52-12_872-jvmRun1 surefire4511639574144730470tmp surefire_06380002510211787322tmp"/>
    <property name="http.nonProxyHosts" value="local|*.local|169.254/16|*.169.254/16"/>
    <property name="surefire.test.class.path" value="/Users/loi.tran/IdeaProjects/java-selenium/target/test-classes:/Users/loi.tran/IdeaProjects/java-selenium/target/classes:/Users/loi.tran/.m2/repository/org/testng/testng/6.14.3/testng-6.14.3.jar:/Users/loi.tran/.m2/repository/com/beust/jcommander/1.72/jcommander-1.72.jar:/Users/loi.tran/.m2/repository/org/apache-extras/beanshell/bsh/2.0b6/bsh-2.0b6.jar:/Users/loi.tran/.m2/repository/io/github/bonigarcia/webdrivermanager/3.0.0/webdrivermanager-3.0.0.jar:/Users/loi.tran/.m2/repository/org/slf4j/slf4j-api/1.7.25/slf4j-api-1.7.25.jar:/Users/loi.tran/.m2/repository/commons-io/commons-io/2.6/commons-io-2.6.jar:/Users/loi.tran/.m2/repository/com/google/code/gson/gson/2.8.5/gson-2.8.5.jar:/Users/loi.tran/.m2/repository/org/apache/httpcomponents/httpclient/4.5.5/httpclient-4.5.5.jar:/Users/loi.tran/.m2/repository/org/rauschig/jarchivelib/0.8.0/jarchivelib-0.8.0.jar:/Users/loi.tran/.m2/repository/org/apache/commons/commons-compress/1.14/commons-compress-1.14.jar:/Users/loi.tran/.m2/repository/org/jsoup/jsoup/1.11.3/jsoup-1.11.3.jar:/Users/loi.tran/.m2/repository/org/seleniumhq/selenium/selenium-java/3.13.0/selenium-java-3.13.0.jar:/Users/loi.tran/.m2/repository/org/seleniumhq/selenium/selenium-api/3.13.0/selenium-api-3.13.0.jar:/Users/loi.tran/.m2/repository/org/seleniumhq/selenium/selenium-chrome-driver/3.13.0/selenium-chrome-driver-3.13.0.jar:/Users/loi.tran/.m2/repository/org/seleniumhq/selenium/selenium-edge-driver/3.13.0/selenium-edge-driver-3.13.0.jar:/Users/loi.tran/.m2/repository/org/seleniumhq/selenium/selenium-firefox-driver/3.13.0/selenium-firefox-driver-3.13.0.jar:/Users/loi.tran/.m2/repository/org/seleniumhq/selenium/selenium-ie-driver/3.13.0/selenium-ie-driver-3.13.0.jar:/Users/loi.tran/.m2/repository/org/seleniumhq/selenium/selenium-opera-driver/3.13.0/selenium-opera-driver-3.13.0.jar:/Users/loi.tran/.m2/repository/org/seleniumhq/selenium/selenium-remote-driver/3.13.0/selenium-remote-driver-3.13.0.jar:/Users/loi.tran/.m2/repository/org/seleniumhq/selenium/selenium-safari-driver/3.13.0/selenium-safari-driver-3.13.0.jar:/Users/loi.tran/.m2/repository/org/seleniumhq/selenium/selenium-support/3.13.0/selenium-support-3.13.0.jar:/Users/loi.tran/.m2/repository/net/bytebuddy/byte-buddy/1.8.3/byte-buddy-1.8.3.jar:/Users/loi.tran/.m2/repository/org/apache/commons/commons-exec/1.3/commons-exec-1.3.jar:/Users/loi.tran/.m2/repository/commons-codec/commons-codec/1.10/commons-codec-1.10.jar:/Users/loi.tran/.m2/repository/commons-logging/commons-logging/1.2/commons-logging-1.2.jar:/Users/loi.tran/.m2/repository/com/google/guava/guava/25.0-jre/guava-25.0-jre.jar:/Users/loi.tran/.m2/repository/com/google/code/findbugs/jsr305/1.3.9/jsr305-1.3.9.jar:/Users/loi.tran/.m2/repository/org/checkerframework/checker-compat-qual/2.0.0/checker-compat-qual-2.0.0.jar:/Users/loi.tran/.m2/repository/com/google/errorprone/error_prone_annotations/2.1.3/error_prone_annotations-2.1.3.jar:/Users/loi.tran/.m2/repository/com/google/j2objc/j2objc-annotations/1.1/j2objc-annotations-1.1.jar:/Users/loi.tran/.m2/repository/org/codehaus/mojo/animal-sniffer-annotations/1.14/animal-sniffer-annotations-1.14.jar:/Users/loi.tran/.m2/repository/org/apache/httpcomponents/httpcore/4.4.9/httpcore-4.4.9.jar:/Users/loi.tran/.m2/repository/com/squareup/okhttp3/okhttp/3.10.0/okhttp-3.10.0.jar:/Users/loi.tran/.m2/repository/com/squareup/okio/okio/1.14.1/okio-1.14.1.jar:/Users/loi.tran/.m2/repository/com/mashape/unirest/unirest-java/1.4.9/unirest-java-1.4.9.jar:/Users/loi.tran/.m2/repository/org/apache/httpcomponents/httpasyncclient/4.1.1/httpasyncclient-4.1.1.jar:/Users/loi.tran/.m2/repository/org/apache/httpcomponents/httpcore-nio/4.4.4/httpcore-nio-4.4.4.jar:/Users/loi.tran/.m2/repository/org/apache/httpcomponents/httpmime/4.5.2/httpmime-4.5.2.jar:/Users/loi.tran/.m2/repository/org/json/json/20160212/json-20160212.jar:/Users/loi.tran/.m2/repository/com/fasterxml/jackson/core/jackson-databind/2.9.4/jackson-databind-2.9.4.jar:/Users/loi.tran/.m2/repository/com/fasterxml/jackson/core/jackson-annotations/2.9.0/jackson-annotations-2.9.0.jar:/Users/loi.tran/.m2/repository/com/jayway/jsonpath/json-path/2.4.0/json-path-2.4.0.jar:/Users/loi.tran/.m2/repository/net/minidev/json-smart/2.3/json-smart-2.3.jar:/Users/loi.tran/.m2/repository/net/minidev/accessors-smart/1.2/accessors-smart-1.2.jar:/Users/loi.tran/.m2/repository/org/ow2/asm/asm/5.0.4/asm-5.0.4.jar:/Users/loi.tran/.m2/repository/joda-time/joda-time/2.10/joda-time-2.10.jar:/Users/loi.tran/.m2/repository/org/apache/commons/commons-lang3/3.8.1/commons-lang3-3.8.1.jar:/Users/loi.tran/.m2/repository/com/aventstack/extentreports/3.1.5/extentreports-3.1.5.jar:/Users/loi.tran/.m2/repository/org/freemarker/freemarker/2.3.23/freemarker-2.3.23.jar:/Users/loi.tran/.m2/repository/org/mongodb/mongodb-driver/3.3.0/mongodb-driver-3.3.0.jar:/Users/loi.tran/.m2/repository/org/mongodb/bson/3.3.0/bson-3.3.0.jar:/Users/loi.tran/.m2/repository/org/mongodb/mongodb-driver-core/3.3.0/mongodb-driver-core-3.3.0.jar:/Users/loi.tran/.m2/repository/org/apache/logging/log4j/log4j-core/2.11.1/log4j-core-2.11.1.jar:/Users/loi.tran/.m2/repository/org/apache/logging/log4j/log4j-api/2.11.1/log4j-api-2.11.1.jar:/Users/loi.tran/.m2/repository/org/slf4j/slf4j-log4j12/1.7.25/slf4j-log4j12-1.7.25.jar:/Users/loi.tran/.m2/repository/log4j/log4j/1.2.17/log4j-1.2.17.jar:/Users/loi.tran/.m2/repository/org/apache/maven/shared/maven-invoker/3.0.1/maven-invoker-3.0.1.jar:/Users/loi.tran/.m2/repository/org/apache/maven/shared/maven-shared-utils/3.2.1/maven-shared-utils-3.2.1.jar:/Users/loi.tran/.m2/repository/org/codehaus/plexus/plexus-component-annotations/1.7.1/plexus-component-annotations-1.7.1.jar:/Users/loi.tran/.m2/repository/commons-lang/commons-lang/2.6/commons-lang-2.6.jar:/Users/loi.tran/.m2/repository/com/jcraft/jsch/0.1.55/jsch-0.1.55.jar:/Users/loi.tran/.m2/repository/ch/ethz/ganymed/ganymed-ssh2/262/ganymed-ssh2-262.jar:/Users/loi.tran/.m2/repository/com/googlecode/json-simple/json-simple/1.1.1/json-simple-1.1.1.jar:/Users/loi.tran/.m2/repository/junit/junit/4.10/junit-4.10.jar:/Users/loi.tran/.m2/repository/org/hamcrest/hamcrest-core/1.1/hamcrest-core-1.1.jar:/Users/loi.tran/.m2/repository/commons-httpclient/commons-httpclient/3.1/commons-httpclient-3.1.jar:/Users/loi.tran/.m2/repository/org/apache/pdfbox/pdfbox/2.0.6/pdfbox-2.0.6.jar:/Users/loi.tran/.m2/repository/org/apache/pdfbox/fontbox/2.0.6/fontbox-2.0.6.jar:/Users/loi.tran/.m2/repository/com/testautomationguru/pdfutil/pdf-util/0.0.1/pdf-util-0.0.1.jar:/Users/loi.tran/.m2/repository/org/apache/pdfbox/pdfbox-tools/2.0.5/pdfbox-tools-2.0.5.jar:/Users/loi.tran/.m2/repository/org/apache/pdfbox/pdfbox-debugger/2.0.5/pdfbox-debugger-2.0.5.jar:/Users/loi.tran/.m2/repository/org/bouncycastle/bcprov-jdk16/1.46/bcprov-jdk16-1.46.jar:/Users/loi.tran/.m2/repository/commons-net/commons-net/3.6/commons-net-3.6.jar:/Users/loi.tran/.m2/repository/javax/mail/mail/1.5.0-b01/mail-1.5.0-b01.jar:/Users/loi.tran/.m2/repository/javax/activation/activation/1.1/activation-1.1.jar:/Users/loi.tran/.m2/repository/com/sun/xml/security/xml-security-impl/1.0/xml-security-impl-1.0.jar:/Users/loi.tran/.m2/repository/com/opencsv/opencsv/3.7/opencsv-3.7.jar:/Users/loi.tran/.m2/repository/org/codehaus/groovy/groovy/3.0.1/groovy-3.0.1.jar:/Users/loi.tran/.m2/repository/io/rest-assured/rest-assured/4.2.0/rest-assured-4.2.0.jar:/Users/loi.tran/.m2/repository/org/codehaus/groovy/groovy-xml/2.5.8/groovy-xml-2.5.8.jar:/Users/loi.tran/.m2/repository/org/hamcrest/hamcrest/2.1/hamcrest-2.1.jar:/Users/loi.tran/.m2/repository/org/ccil/cowan/tagsoup/tagsoup/1.2.1/tagsoup-1.2.1.jar:/Users/loi.tran/.m2/repository/io/rest-assured/xml-path/4.2.0/xml-path-4.2.0.jar:/Users/loi.tran/.m2/repository/jakarta/xml/bind/jakarta.xml.bind-api/2.3.2/jakarta.xml.bind-api-2.3.2.jar:/Users/loi.tran/.m2/repository/jakarta/activation/jakarta.activation-api/1.2.1/jakarta.activation-api-1.2.1.jar:/Users/loi.tran/.m2/repository/com/sun/xml/bind/jaxb-osgi/2.3.0.1/jaxb-osgi-2.3.0.1.jar:/Users/loi.tran/.m2/repository/org/apache/sling/org.apache.sling.javax.activation/0.1.0/org.apache.sling.javax.activation-0.1.0.jar:/Users/loi.tran/.m2/repository/io/rest-assured/json-path/4.2.0/json-path-4.2.0.jar:/Users/loi.tran/.m2/repository/org/codehaus/groovy/groovy-json/2.5.8/groovy-json-2.5.8.jar:/Users/loi.tran/.m2/repository/io/rest-assured/rest-assured-common/4.2.0/rest-assured-common-4.2.0.jar:/Users/loi.tran/.m2/repository/com/fasterxml/jackson/core/jackson-core/2.10.2/jackson-core-2.10.2.jar:/Users/loi.tran/.m2/repository/mysql/mysql-connector-java/8.0.18/mysql-connector-java-8.0.18.jar:/Users/loi.tran/.m2/repository/com/google/protobuf/protobuf-java/3.6.1/protobuf-java-3.6.1.jar:/Users/loi.tran/.m2/repository/javax/xml/soap/javax.xml.soap-api/1.4.0/javax.xml.soap-api-1.4.0.jar:/Users/loi.tran/.m2/repository/org/apache/maven/surefire/surefire-testng-utils/2.22.0/surefire-testng-utils-2.22.0.jar:/Users/loi.tran/.m2/repository/org/apache/maven/surefire/surefire-grouper/2.22.0/surefire-grouper-2.22.0.jar:"/>
    <property name="sun.cpu.endian" value="little"/>
    <property name="user.home" value="/Users/loi.tran"/>
    <property name="user.language" value="en"/>
    <property name="java.specification.vendor" value="Oracle Corporation"/>
    <property name="java.home" value="/Library/Java/JavaVirtualMachines/jdk1.8.0_281.jdk/Contents/Home/jre"/>
    <property name="basedir" value="/Users/loi.tran/IdeaProjects/java-selenium"/>
    <property name="file.separator" value="/"/>
    <property name="line.separator" value="&#10;"/>
    <property name="java.vm.specification.vendor" value="Oracle Corporation"/>
    <property name="java.specification.name" value="Java Platform API Specification"/>
    <property name="java.awt.graphicsenv" value="sun.awt.CGraphicsEnvironment"/>
    <property name="surefire.real.class.path" value="/Users/loi.tran/IdeaProjects/java-selenium/target/surefire/surefirebooter7251422569494135490.jar"/>
    <property name="sun.boot.class.path" value="/Library/Java/JavaVirtualMachines/jdk1.8.0_281.jdk/Contents/Home/jre/lib/resources.jar:/Library/Java/JavaVirtualMachines/jdk1.8.0_281.jdk/Contents/Home/jre/lib/rt.jar:/Library/Java/JavaVirtualMachines/jdk1.8.0_281.jdk/Contents/Home/jre/lib/sunrsasign.jar:/Library/Java/JavaVirtualMachines/jdk1.8.0_281.jdk/Contents/Home/jre/lib/jsse.jar:/Library/Java/JavaVirtualMachines/jdk1.8.0_281.jdk/Contents/Home/jre/lib/jce.jar:/Library/Java/JavaVirtualMachines/jdk1.8.0_281.jdk/Contents/Home/jre/lib/charsets.jar:/Library/Java/JavaVirtualMachines/jdk1.8.0_281.jdk/Contents/Home/jre/lib/jfr.jar:/Library/Java/JavaVirtualMachines/jdk1.8.0_281.jdk/Contents/Home/jre/classes"/>
    <property name="sun.management.compiler" value="HotSpot 64-Bit Tiered Compilers"/>
    <property name="ftp.nonProxyHosts" value="local|*.local|169.254/16|*.169.254/16"/>
    <property name="java.runtime.version" value="1.8.0_281-b09"/>
    <property name="user.name" value="loi.tran"/>
    <property name="path.separator" value=":"/>
    <property name="os.version" value="10.15.7"/>
    <property name="java.endorsed.dirs" value="/Library/Java/JavaVirtualMachines/jdk1.8.0_281.jdk/Contents/Home/jre/lib/endorsed"/>
    <property name="java.runtime.name" value="Java(TM) SE Runtime Environment"/>
    <property name="file.encoding" value="UTF-8"/>
    <property name="java.vm.name" value="Java HotSpot(TM) 64-Bit Server VM"/>
    <property name="localRepository" value="/Users/loi.tran/.m2/repository"/>
    <property name="java.vendor.url.bug" value="http://bugreport.sun.com/bugreport/"/>
    <property name="java.io.tmpdir" value="/var/folders/_4/_z9fb7596ysb4ys4cxxrw37w0000gn/T/"/>
    <property name="java.version" value="1.8.0_281"/>
    <property name="user.dir" value="/Users/loi.tran/IdeaProjects/java-selenium"/>
    <property name="os.arch" value="x86_64"/>
    <property name="java.vm.specification.name" value="Java Virtual Machine Specification"/>
    <property name="java.awt.printerjob" value="sun.lwawt.macosx.CPrinterJob"/>
    <property name="sun.os.patch.level" value="unknown"/>
    <property name="java.library.path" value="/Users/loi.tran/Library/Java/Extensions:/Library/Java/Extensions:/Network/Library/Java/Extensions:/System/Library/Java/Extensions:/usr/lib/java:."/>
    <property name="java.vm.info" value="mixed mode"/>
    <property name="java.vendor" value="Oracle Corporation"/>
    <property name="java.vm.version" value="25.281-b09"/>
    <property name="java.ext.dirs" value="/Users/loi.tran/Library/Java/Extensions:/Library/Java/JavaVirtualMachines/jdk1.8.0_281.jdk/Contents/Home/jre/lib/ext:/Library/Java/Extensions:/Network/Library/Java/Extensions:/System/Library/Java/Extensions:/usr/lib/java"/>
    <property name="sun.io.unicode.encoding" value="UnicodeBig"/>
    <property name="java.class.version" value="52.0"/>
    <property name="socksNonProxyHosts" value="local|*.local|169.254/16|*.169.254/16"/>
  </properties>
  <testcase name="amazoneShoppingTCs" classname="suite.regression.UI.ShoppingOnAmazoneTC" time="0">
    <skipped message="no such element: Unable to locate element: {&quot;method&quot;:&quot;xpath&quot;,&quot;selector&quot;:&quot;//a[normalize-space(text())=&apos;Discount - High to Low&apos;]&quot;}&#10;  (Session info: chrome=88.0.4324.96)&#10;For documentation on this error, please visit: http://seleniumhq.org/exceptions/no_such_element.html&#10;Build info: version: &apos;3.13.0&apos;, revision: &apos;2f0d292&apos;, time: &apos;2018-06-25T15:24:21.231Z&apos;&#10;System info: host: &apos;Lois-MBP&apos;, ip: &apos;2405:4803:c864:1200:167d:daff:fea4:61a8%en0&apos;, os.name: &apos;Mac OS X&apos;, os.arch: &apos;x86_64&apos;, os.version: &apos;10.15.7&apos;, java.version: &apos;1.8.0_281&apos;&#10;Driver info: org.openqa.selenium.chrome.ChromeDriver&#10;Capabilities {acceptInsecureCerts: false, browserName: chrome, browserVersion: 88.0.4324.96, chrome: {chromedriverVersion: 88.0.4324.96 (68dba2d8a0b14..., userDataDir: /var/folders/_4/_z9fb7596ys...}, goog:chromeOptions: {debuggerAddress: localhost:62530}, javascriptEnabled: true, networkConnectionEnabled: false, pageLoadStrategy: normal, platform: MAC, platformName: MAC, proxy: Proxy(), setWindowRect: true, strictFileInteractability: false, timeouts: {implicit: 0, pageLoad: 300000, script: 30000}, unhandledPromptBehavior: dismiss and notify, webauthn:extension:largeBlob: true, webauthn:virtualAuthenticators: true}&#10;Session ID: 5a57d937d08fb5ca31c114abc9175064&#10;*** Element info: {Using=xpath, value=//a[normalize-space(text())=&apos;Discount - High to Low&apos;]}"/>
    <system-out><![CDATA[...
... TestNG 6.14.3 by Cédric Beust (cedric@beust.com)
...

]]></system-out>
    <system-err><![CDATA[Starting ChromeDriver 88.0.4324.96 (68dba2d8a0b149a1d3afac56fa74648032bcf46b-refs/branch-heads/4324@{#1784}) on port 8730
Only local connections are allowed.
Please see https://chromedriver.chromium.org/security-considerations for suggestions on keeping ChromeDriver safe.
ChromeDriver was started successfully.
Feb 02, 2021 8:52:15 PM org.openqa.selenium.remote.ProtocolHandshake createSession
INFO: Detected dialect: W3C
]]></system-err>
  </testcase>
  <testcase name="amazoneShoppingTCs" classname="suite.regression.UI.ShoppingOnAmazoneTC" time="0">
    <skipped message="no such element: Unable to locate element: {&quot;method&quot;:&quot;xpath&quot;,&quot;selector&quot;:&quot;//a[normalize-space(text())=&apos;Discount - High to Low&apos;]&quot;}&#10;  (Session info: chrome=88.0.4324.96)&#10;For documentation on this error, please visit: http://seleniumhq.org/exceptions/no_such_element.html&#10;Build info: version: &apos;3.13.0&apos;, revision: &apos;2f0d292&apos;, time: &apos;2018-06-25T15:24:21.231Z&apos;&#10;System info: host: &apos;Lois-MBP&apos;, ip: &apos;2405:4803:c864:1200:167d:daff:fea4:61a8%en0&apos;, os.name: &apos;Mac OS X&apos;, os.arch: &apos;x86_64&apos;, os.version: &apos;10.15.7&apos;, java.version: &apos;1.8.0_281&apos;&#10;Driver info: org.openqa.selenium.chrome.ChromeDriver&#10;Capabilities {acceptInsecureCerts: false, browserName: chrome, browserVersion: 88.0.4324.96, chrome: {chromedriverVersion: 88.0.4324.96 (68dba2d8a0b14..., userDataDir: /var/folders/_4/_z9fb7596ys...}, goog:chromeOptions: {debuggerAddress: localhost:62595}, javascriptEnabled: true, networkConnectionEnabled: false, pageLoadStrategy: normal, platform: MAC, platformName: MAC, proxy: Proxy(), setWindowRect: true, strictFileInteractability: false, timeouts: {implicit: 0, pageLoad: 300000, script: 30000}, unhandledPromptBehavior: dismiss and notify, webauthn:extension:largeBlob: true, webauthn:virtualAuthenticators: true}&#10;Session ID: e36422299a1ac6b8cb2a04330fb46910&#10;*** Element info: {Using=xpath, value=//a[normalize-space(text())=&apos;Discount - High to Low&apos;]}"/>
    <system-err><![CDATA[Starting ChromeDriver 88.0.4324.96 (68dba2d8a0b149a1d3afac56fa74648032bcf46b-refs/branch-heads/4324@{#1784}) on port 19084
Only local connections are allowed.
Please see https://chromedriver.chromium.org/security-considerations for suggestions on keeping ChromeDriver safe.
ChromeDriver was started successfully.
Feb 02, 2021 8:52:28 PM org.openqa.selenium.remote.ProtocolHandshake createSession
INFO: Detected dialect: W3C
]]></system-err>
  </testcase>
  <testcase name="amazoneShoppingTCs" classname="suite.regression.UI.ShoppingOnAmazoneTC" time="41.245"/>
</testsuite>