<?xml version="1.0" encoding="UTF-8"?>
<!-- Generated by org.testng.reporters.JUnitReportReporter -->
<testsuite skipped="2" hostname="Lois-MBP" name="suite.regression.UI.ShoppingOnAmazoneTC" tests="3" failures="0" timestamp="02 Feb 2021 13:53:29 GMT" time="75.244" errors="0">
  <testcase name="amazoneShoppingTCs" time="15.668" classname="suite.regression.UI.ShoppingOnAmazoneTC">
    <skipped/>
  </testcase> <!-- amazoneShoppingTCs -->
  <testcase name="amazoneShoppingTCs" time="46.564" classname="suite.regression.UI.ShoppingOnAmazoneTC"/>
  <testcase name="amazoneShoppingTCs" time="13.012" classname="suite.regression.UI.ShoppingOnAmazoneTC">
    <skipped/>
  </testcase> <!-- amazoneShoppingTCs -->
</testsuite> <!-- suite.regression.UI.ShoppingOnAmazoneTC -->
